<?xml version="1.0" encoding="UTF-8"?>
<testng-results ignored="0" total="1" passed="1" failed="0" skipped="0">
  <reporter-output>
  </reporter-output>
  <suite started-at="2024-01-12T16:44:25 IST" name="Default suite" finished-at="2024-01-12T16:44:37 IST" duration-ms="11980">
    <groups>
    </groups>
    <test started-at="2024-01-12T16:44:25 IST" name="Default test" finished-at="2024-01-12T16:44:37 IST" duration-ms="11980">
      <class name="TestCases.LoginTest">
        <test-method is-config="true" signature="browserConfiguration()[pri:0, instance:TestCases.LoginTest@639c2c1d]" started-at="2024-01-12T16:44:25 IST" name="browserConfiguration" finished-at="2024-01-12T16:44:34 IST" duration-ms="8651" status="PASS">
          <reporter-output>
          </reporter-output>
        </test-method> <!-- browserConfiguration -->
        <test-method signature="loginTestForInactiveUsers()[pri:6, instance:TestCases.LoginTest@639c2c1d]" started-at="2024-01-12T16:44:34 IST" name="loginTestForInactiveUsers" description="Login Functionality check inactive users (Existing user, Any login)" finished-at="2024-01-12T16:44:37 IST" duration-ms="3107" status="PASS">
          <reporter-output>
          </reporter-output>
        </test-method> <!-- loginTestForInactiveUsers -->
        <test-method is-config="true" signature="close()[pri:0, instance:TestCases.LoginTest@639c2c1d]" started-at="2024-01-12T16:44:37 IST" name="close" finished-at="2024-01-12T16:44:37 IST" duration-ms="186" status="PASS">
          <reporter-output>
          </reporter-output>
        </test-method> <!-- close -->
      </class> <!-- TestCases.LoginTest -->
    </test> <!-- Default test -->
  </suite> <!-- Default suite -->
</testng-results>
